-- Found moveit_common: 2.5.4 (/home/colcon_ws/src/moveit2-humble/install/moveit_common/share/moveit_common/cmake)
-- Found ament_cmake: 1.3.4 (/opt/ros/humble/share/ament_cmake/cmake)
-- Could NOT find libbfd (missing: LIBBFD_LIBRARY LIBBFD_INCLUDE_DIR) 
-- BACKWARD_HAS_UNWIND=1
-- BACKWARD_HAS_BACKTRACE=0
-- BACKWARD_HAS_BACKTRACE_SYMBOL=0
-- BACKWARD_HAS_DW=1
-- BACKWARD_HAS_BFD=0
-- Found Backward: /opt/ros/humble/share/backward_ros/cmake  
-- Found moveit_core: 2.5.4 (/home/colcon_ws/src/moveit2-humble/install/moveit_core/share/moveit_core/cmake)
-- Found Boost: /usr/lib/x86_64-linux-gnu/cmake/Boost-1.74.0/BoostConfig.cmake (found version "1.74.0") found components: chrono date_time filesystem iostreams program_options regex serialization system thread 
-- Found parameter_traits: 0.3.3 (/opt/ros/humble/share/parameter_traits/cmake)
-- Found rosidl_generator_c: 3.1.4 (/opt/ros/humble/share/rosidl_generator_c/cmake)
-- Found rosidl_adapter: 3.1.4 (/opt/ros/humble/share/rosidl_adapter/cmake)
-- Found rosidl_generator_cpp: 3.1.4 (/opt/ros/humble/share/rosidl_generator_cpp/cmake)
-- Using all available rosidl_typesupport_c: rosidl_typesupport_fastrtps_c;rosidl_typesupport_introspection_c
-- Using all available rosidl_typesupport_cpp: rosidl_typesupport_fastrtps_cpp;rosidl_typesupport_introspection_cpp
-- Found rmw_implementation_cmake: 6.1.1 (/opt/ros/humble/share/rmw_implementation_cmake/cmake)
-- Found rmw_fastrtps_cpp: 6.2.2 (/opt/ros/humble/share/rmw_fastrtps_cpp/cmake)
-- Using RMW implementation 'rmw_fastrtps_cpp' as default
-- Found rclcpp_lifecycle: 16.0.4 (/opt/ros/humble/share/rclcpp_lifecycle/cmake)
-- Found Boost: /usr/lib/x86_64-linux-gnu/cmake/Boost-1.74.0/BoostConfig.cmake (found version "1.74.0") found components: filesystem 
-- library: /usr/lib/x86_64-linux-gnu/libcurl.so
-- Ensuring Eigen3 include directory is part of orocos-kdl CMake target
-- Found moveit_ros_planning: 2.5.4 (/home/colcon_ws/src/moveit2-humble/install/moveit_ros_planning/share/moveit_ros_planning/cmake)
-- Found Boost: /usr/lib/x86_64-linux-gnu/cmake/Boost-1.74.0/BoostConfig.cmake (found version "1.74.0") found components: system filesystem date_time program_options thread chrono 
-- Found moveit_ros_planning_interface: 2.5.4 (/home/colcon_ws/src/moveit2-humble/install/moveit_ros_planning_interface/share/moveit_ros_planning_interface/cmake)
-- Found Boost: /usr/lib/x86_64-linux-gnu/cmake/Boost-1.74.0/BoostConfig.cmake (found version "1.74.0") found components: date_time filesystem program_options system thread 
-- Found Boost: /usr/lib/x86_64-linux-gnu/cmake/Boost-1.74.0/BoostConfig.cmake (found version "1.74.0") found components: thread system filesystem regex date_time program_options 
-- Found Boost: /usr/lib/x86_64-linux-gnu/cmake/Boost-1.74.0/BoostConfig.cmake (found version "1.74.0") found components: system filesystem date_time program_options thread 
-- Found goal_change_interfaces: 0.0.0 (/home/colcon_ws/install/goal_change_interfaces/share/goal_change_interfaces/cmake)
-- Found ament_lint_auto: 0.12.6 (/opt/ros/humble/share/ament_lint_auto/cmake)
-- Found ament_cmake_gtest: 1.3.4 (/opt/ros/humble/share/ament_cmake_gtest/cmake)
-- Found ros_testing: 0.4.0 (/opt/ros/humble/share/ros_testing/cmake)
-- Found launch_testing_ament_cmake: 1.0.4 (/opt/ros/humble/share/launch_testing_ament_cmake/cmake)
-- Found python_cmake_module: 0.10.0 (/opt/ros/humble/share/python_cmake_module/cmake)
-- Using PYTHON_EXECUTABLE: /usr/bin/python3
-- Using PYTHON_INCLUDE_DIRS: /usr/include/python3.10
-- Using PYTHON_LIBRARIES: /usr/lib/x86_64-linux-gnu/libpython3.10.so
-- Found Boost: /usr/lib/x86_64-linux-gnu/cmake/Boost-1.74.0/BoostConfig.cmake (found version "1.74.0") found components: filesystem 
-- Configuring done
-- Generating done
-- Build files have been written to: /home/colcon_ws/src/moveit2-humble/build/moveit_hybrid_planning
[35m[1mConsolidate compiler generated dependencies of target motion_planning_pipeline_plugin[0m
[35m[1mConsolidate compiler generated dependencies of target forward_trajectory_plugin[0m
[35m[1mConsolidate compiler generated dependencies of target moveit_goal_change_service_caller_component[0m
[35m[1mConsolidate compiler generated dependencies of target moveit_hybrid_planning_manager[0m
[35m[1mConsolidate compiler generated dependencies of target simple_sampler_plugin[0m
[35m[1mConsolidate compiler generated dependencies of target moveit_local_planner_component[0m
[35m[1mConsolidate compiler generated dependencies of target moveit_global_planner_component[0m
[  8%] Built target moveit_goal_change_service_caller_component
[ 16%] Built target moveit_hybrid_planning_manager
[ 25%] Built target forward_trajectory_plugin
[ 33%] Built target simple_sampler_plugin
[ 41%] Built target motion_planning_pipeline_plugin
[ 45%] [32mBuilding CXX object local_planner/local_planner_component/CMakeFiles/moveit_local_planner_component.dir/src/local_planner_component.cpp.o[0m
[ 54%] Built target moveit_global_planner_component
[35m[1mConsolidate compiler generated dependencies of target single_plan_execution_plugin[0m
[ 62%] Built target single_plan_execution_plugin
[35m[1mConsolidate compiler generated dependencies of target replan_invalidated_trajectory_plugin[0m
[ 70%] Built target replan_invalidated_trajectory_plugin
[01m[K/home/colcon_ws/src/moveit2-humble/moveit_ros/hybrid_planning/local_planner/local_planner_component/src/local_planner_component.cpp:[m[K In lambda function:
[01m[K/home/colcon_ws/src/moveit2-humble/moveit_ros/hybrid_planning/local_planner/local_planner_component/src/local_planner_component.cpp:236:76:[m[K [01;35m[Kwarning: [m[Kunused parameter â€˜[01m[Krequest[m[Kâ€™ [[01;35m[K]8;;https://gcc.gnu.org/onlinedocs/gcc/Warning-Options.html#index-Wunused-parameter-Wunused-parameter]8;;[m[K]
  236 |   ([01;35m[Kconst std::shared_ptr<goal_change_interfaces::srv::GoalChange::Request> request[m[K,
      |    [01;35m[K~~~~~~~~~~~~~~~~~~~~~~~~~~~~~~~~~~~~~~~~~~~~~~~~~~~~~~~~~~~~~~~~~~~~~~~~^~~~~~~[m[K
[01m[K/home/colcon_ws/src/moveit2-humble/moveit_ros/hybrid_planning/local_planner/local_planner_component/src/local_planner_component.cpp:237:76:[m[K [01;35m[Kwarning: [m[Kunused parameter â€˜[01m[Kresponse[m[Kâ€™ [[01;35m[K]8;;https://gcc.gnu.org/onlinedocs/gcc/Warning-Options.html#index-Wunused-parameter-Wunused-parameter]8;;[m[K]
  237 |   [01;35m[Kconst std::shared_ptr<goal_change_interfaces::srv::GoalChange::Response> response[m[K) {
      |   [01;35m[K~~~~~~~~~~~~~~~~~~~~~~~~~~~~~~~~~~~~~~~~~~~~~~~~~~~~~~~~~~~~~~~~~~~~~~~~~^~~~~~~~[m[K
In file included from [01m[K/opt/ros/humble/include/rclcpp/rclcpp/logging.hpp:24[m[K,
                 from [01m[K/opt/ros/humble/include/rclcpp/rclcpp/client.hpp:40[m[K,
                 from [01m[K/opt/ros/humble/include/rclcpp/rclcpp/callback_group.hpp:24[m[K,
                 from [01m[K/opt/ros/humble/include/rclcpp/rclcpp/any_executable.hpp:20[m[K,
                 from [01m[K/opt/ros/humble/include/rclcpp/rclcpp/memory_strategy.hpp:25[m[K,
                 from [01m[K/opt/ros/humble/include/rclcpp/rclcpp/memory_strategies.hpp:18[m[K,
                 from [01m[K/opt/ros/humble/include/rclcpp/rclcpp/executor_options.hpp:20[m[K,
                 from [01m[K/opt/ros/humble/include/rclcpp/rclcpp/executor.hpp:37[m[K,
                 from [01m[K/opt/ros/humble/include/rclcpp/rclcpp/executors/multi_threaded_executor.hpp:25[m[K,
                 from [01m[K/opt/ros/humble/include/rclcpp/rclcpp/executors.hpp:21[m[K,
                 from [01m[K/opt/ros/humble/include/rclcpp/rclcpp/rclcpp.hpp:155[m[K,
                 from [01m[K/home/colcon_ws/src/moveit2-humble/moveit_ros/hybrid_planning/local_planner/local_planner_component/include/moveit/local_planner/local_planner_component.h:42[m[K,
                 from [01m[K/home/colcon_ws/src/moveit2-humble/moveit_ros/hybrid_planning/local_planner/local_planner_component/src/local_planner_component.cpp:36[m[K:
[01m[K/home/colcon_ws/src/moveit2-humble/moveit_ros/hybrid_planning/local_planner/local_planner_component/src/local_planner_component.cpp:[m[K In member function â€˜[01m[Kvoid moveit::hybrid_planning::LocalPlannerComponent::executeIteration()[m[Kâ€™:
[01m[K/home/colcon_ws/src/moveit2-humble/moveit_ros/hybrid_planning/local_planner/local_planner_component/src/local_planner_component.cpp:260:22:[m[K [01;31m[Kerror: [m[Kcannot convert â€˜[01m[Kstd::atomic<moveit::hybrid_planning::LocalPlannerState>[m[Kâ€™ to â€˜[01m[Kconst char*[m[Kâ€™
  260 |   RCLCPP_INFO(LOGGER,[01;31m[Kstate_[m[K);//è¿½åŠ 
      |                      [01;31m[K^~~~~~[m[K
      |                      [01;31m[K|[m[K
      |                      [01;31m[Kstd::atomic<moveit::hybrid_planning::LocalPlannerState>[m[K
In file included from [01m[K/opt/ros/humble/include/rmw/rmw/types.h:28[m[K,
                 from [01m[K/opt/ros/humble/include/rcl/rcl/types.h:20[m[K,
                 from [01m[K/opt/ros/humble/include/rcl/rcl/log_level.h:22[m[K,
                 from [01m[K/opt/ros/humble/include/rcl/rcl/arguments.h:21[m[K,
                 from [01m[K/opt/ros/humble/include/rcl/rcl/context.h:28[m[K,
                 from [01m[K/opt/ros/humble/include/rcl/rcl/guard_condition.h:26[m[K,
                 from [01m[K/opt/ros/humble/include/rclcpp/rclcpp/executor.hpp:30[m[K,
                 from [01m[K/opt/ros/humble/include/rclcpp/rclcpp/executors/multi_threaded_executor.hpp:25[m[K,
                 from [01m[K/opt/ros/humble/include/rclcpp/rclcpp/executors.hpp:21[m[K,
                 from [01m[K/opt/ros/humble/include/rclcpp/rclcpp/rclcpp.hpp:155[m[K,
                 from [01m[K/home/colcon_ws/src/moveit2-humble/moveit_ros/hybrid_planning/local_planner/local_planner_component/include/moveit/local_planner/local_planner_component.h:42[m[K,
                 from [01m[K/home/colcon_ws/src/moveit2-humble/moveit_ros/hybrid_planning/local_planner/local_planner_component/src/local_planner_component.cpp:36[m[K:
[01m[K/opt/ros/humble/include/rcutils/rcutils/logging.h:479:16:[m[K [01;36m[Knote: [m[K  initializing argument 4 of â€˜[01m[Kvoid rcutils_log(const rcutils_log_location_t*, int, const char*, const char*, ...)[m[Kâ€™
  479 |   [01;36m[Kconst char * format[m[K,
      |   [01;36m[K~~~~~~~~~~~~~^~~~~~[m[K
gmake[2]: *** [local_planner/local_planner_component/CMakeFiles/moveit_local_planner_component.dir/build.make:76: local_planner/local_planner_component/CMakeFiles/moveit_local_planner_component.dir/src/local_planner_component.cpp.o] Error 1
gmake[1]: *** [CMakeFiles/Makefile2:478: local_planner/local_planner_component/CMakeFiles/moveit_local_planner_component.dir/all] Error 2
gmake: *** [Makefile:146: all] Error 2
